<?xml version="1.0" encoding="UTF-8"?>
<!-- Generated by org.testng.reporters.JUnitReportReporter -->
<testsuite hostname="DESKTOP-VIRBGBF" failures="0" tests="2" name="seleWithTestNg.Test1" time="0.019" errors="0" timestamp="2021-08-21T23:59:49 IST" skipped="0">
  <testcase classname="seleWithTestNg.Test1" name="dis" time="0.011"/>
  <system-out/>
  <testcase classname="seleWithTestNg.Test1" name="test" time="0.008"/>
  <system-out/>
</testsuite> <!-- seleWithTestNg.Test1 -->
