<?xml version="1.0" encoding="UTF-8"?>
<!-- Generated by org.testng.reporters.JUnitReportReporter -->
<testsuite hostname="DESKTOP-VIRBGBF" failures="0" tests="4" name="screenShot.ManyDp" time="0.016" errors="0" timestamp="2021-11-11T21:17:23 IST" skipped="0">
  <testcase classname="screenShot.ManyDp" name="mul" time="0.001"/>
  <system-out/>
  <testcase classname="screenShot.ManyDp" name="add" time="0.010"/>
  <system-out/>
  <testcase classname="screenShot.ManyDp" name="add" time="0.003"/>
  <system-out/>
  <testcase classname="screenShot.ManyDp" name="mul" time="0.002"/>
  <system-out/>
</testsuite> <!-- screenShot.ManyDp -->
