<?xml version="1.0" encoding="UTF-8"?>
<!-- Generated by org.testng.reporters.JUnitReportReporter -->
<testsuite hostname="DESKTOP-VIRBGBF" failures="0" tests="1" name="seleWithTestNg.Test3" time="0.015" errors="0" timestamp="2021-08-21T23:55:02 IST" skipped="0">
  <testcase classname="seleWithTestNg.Test3" name="hint" time="0.015"/>
  <system-out/>
</testsuite> <!-- seleWithTestNg.Test3 -->
