<?xml version="1.0" encoding="UTF-8"?>
<!-- Generated by org.testng.reporters.JUnitReportReporter -->
<testsuite hostname="DESKTOP-VIRBGBF" failures="0" tests="1" name="seleWithTestNg.Test2" time="0.003" errors="0" timestamp="2021-08-21T23:53:08 IST" skipped="0">
  <testcase classname="seleWithTestNg.Test2" name="dispaly" time="0.003"/>
  <system-out/>
</testsuite> <!-- seleWithTestNg.Test2 -->
